# Gate results are appended by the agent or CI after each phase check.
# Format suggestion:
# 2026-05-22T00:00:00Z phase=REQUIREMENT_GATHERING gate="make validate-pm" result=PASS note="..."
2026-05-23T03:04:33Z phase=SPRINTING gate="make lint" result=PASS note="DEV-001 required gate"
2026-05-23T03:04:33Z phase=SPRINTING gate="make test-current-domain" result=PASS note="DEV-001 required gate"
2026-05-23T09:49:43Z phase=SPRINTING gate="npm test" result=PASS note="DEV-002 focused package tests"
2026-05-23T09:49:43Z phase=SPRINTING gate="make lint" result=PASS note="DEV-002 required gate"
2026-05-23T09:49:43Z phase=SPRINTING gate="make test-current-domain" result=PASS note="DEV-002 required gate"
2026-05-23T09:52:11Z phase=SPRINTING gate="npm test" result=PASS note="DEV-003 focused package tests"
2026-05-23T09:52:11Z phase=SPRINTING gate="make lint" result=PASS note="DEV-003 required gate"
2026-05-23T09:52:11Z phase=SPRINTING gate="make test-current-domain" result=PASS note="DEV-003 required gate"
2026-05-23T09:55:36Z phase=SPRINTING gate="npm test" result=PASS note="DEV-004 focused package tests"
2026-05-23T09:55:36Z phase=SPRINTING gate="sdlc-harness package check-source" result=PASS note="DEV-004 package drift check"
2026-05-23T09:55:36Z phase=SPRINTING gate="make lint" result=PASS note="DEV-004 required gate"
2026-05-23T09:55:36Z phase=SPRINTING gate="make test-current-domain" result=PASS note="DEV-004 required gate"
2026-05-23T09:59:31Z phase=SPRINTING gate="npm test" result=PASS note="DEV-005 focused package tests"
2026-05-23T09:59:31Z phase=SPRINTING gate="sdlc-harness validate-*" result=PASS note="DEV-005 TypeScript validators"
2026-05-23T09:59:31Z phase=SPRINTING gate="sdlc-harness package check-source" result=PASS note="DEV-005 package drift check"
2026-05-23T09:59:31Z phase=SPRINTING gate="make lint" result=PASS note="DEV-005 required gate"
2026-05-23T09:59:31Z phase=SPRINTING gate="make test-current-domain" result=PASS note="DEV-005 required gate"
2026-05-23T10:57:05Z phase=SPRINTING gate="npm test" result=PASS note="DEV-006 required gate"
2026-05-23T10:57:05Z phase=SPRINTING gate="node packages/sdlc-harness/dist/cli.js package check-source" result=PASS note="DEV-006 required gate"
2026-05-23T10:57:05Z phase=SPRINTING gate="node packages/sdlc-harness/dist/cli.js validate-harness" result=PASS note="DEV-006 required gate"
2026-05-23T10:57:05Z phase=SPRINTING gate="make validate-harness" result=PASS note="DEV-006 required gate"
2026-05-23T11:00:20Z phase=SPRINTING gate="make validate-dev" result=PASS
2026-05-23T11:40:20Z phase=SPRINTING gate="npm test" result=PASS note="DEV-007 required gate"
2026-05-23T11:40:20Z phase=SPRINTING gate="node packages/sdlc-harness/dist/cli.js package check-source" result=PASS note="DEV-007 required gate"
2026-05-23T11:40:20Z phase=SPRINTING gate="node packages/sdlc-harness/dist/cli.js validate-harness" result=PASS note="DEV-007 required gate"
2026-05-23T11:40:20Z phase=SPRINTING gate="make validate-harness" result=PASS note="DEV-007 required gate"
